
2013-04-10 20:21:58
[WARN]-[Thread: qtp802011895-29]-[com.jfinal.plugin.ehcache.CacheKit.getOrAddCache()]: Could not find cache config [moduleList], using default.

2013-04-10 20:22:16
[WARN]-[Thread: qtp802011895-30]-[com.jfinal.core.ActionHandler.handle()]: Action not found: /admin/post/edit/4

2013-04-10 20:22:37
[ERROR]-[Thread: qtp802011895-24]-[com.jfinal.core.ActionHandler.handle()]: /admin/welcome/login
com.jfinal.plugin.activerecord.ActiveRecordException: java.lang.RuntimeException: The TableMapping of model: cn.iver.model.User not exists. Please add mapping to ActiveRecordPlugin(activeRecordPlugin.addMapping(tableName, YourModel.class)).
	at com.jfinal.plugin.activerecord.Model.find(Model.java:424)
	at com.jfinal.plugin.activerecord.Model.findFirst(Model.java:453)
	at cn.iver.model.User.login(User.java:17)
	at cn.iver.controller.admin.WelcomeController.login(WelcomeController.java:19)
	at sun.reflect.NativeMethodAccessorImpl.invoke0(Native Method)
	at sun.reflect.NativeMethodAccessorImpl.invoke(NativeMethodAccessorImpl.java:57)
	at sun.reflect.DelegatingMethodAccessorImpl.invoke(DelegatingMethodAccessorImpl.java:43)
	at java.lang.reflect.Method.invoke(Method.java:601)
	at com.jfinal.core.ActionInvocation.invoke(ActionInvocation.java:55)
	at cn.iver.interceptor.GlobalInterceptor.intercept(GlobalInterceptor.java:25)
	at com.jfinal.core.ActionInvocation.invoke(ActionInvocation.java:51)
	at com.jfinal.ext.interceptor.SessionInViewInterceptor.intercept(SessionInViewInterceptor.java:44)
	at com.jfinal.core.ActionInvocation.invoke(ActionInvocation.java:51)
	at com.jfinal.core.ActionHandler.handle(ActionHandler.java:75)
	at com.jfinal.core.JFinalFilter.doFilter(JFinalFilter.java:72)
	at org.eclipse.jetty.servlet.ServletHandler$CachedChain.doFilter(ServletHandler.java:1307)
	at org.eclipse.jetty.servlet.ServletHandler.doHandle(ServletHandler.java:453)
	at org.eclipse.jetty.server.handler.ScopedHandler.handle(ScopedHandler.java:137)
	at org.eclipse.jetty.security.SecurityHandler.handle(SecurityHandler.java:560)
	at org.eclipse.jetty.server.session.SessionHandler.doHandle(SessionHandler.java:231)
	at org.eclipse.jetty.server.handler.ContextHandler.doHandle(ContextHandler.java:1072)
	at org.eclipse.jetty.servlet.ServletHandler.doScope(ServletHandler.java:382)
	at org.eclipse.jetty.server.session.SessionHandler.doScope(SessionHandler.java:193)
	at org.eclipse.jetty.server.handler.ContextHandler.doScope(ContextHandler.java:1006)
	at org.eclipse.jetty.server.handler.ScopedHandler.handle(ScopedHandler.java:135)
	at org.eclipse.jetty.server.handler.HandlerWrapper.handle(HandlerWrapper.java:116)
	at org.eclipse.jetty.server.Server.handle(Server.java:365)
	at org.eclipse.jetty.server.AbstractHttpConnection.handleRequest(AbstractHttpConnection.java:485)
	at org.eclipse.jetty.server.AbstractHttpConnection.content(AbstractHttpConnection.java:937)
	at org.eclipse.jetty.server.AbstractHttpConnection$RequestHandler.content(AbstractHttpConnection.java:998)
	at org.eclipse.jetty.http.HttpParser.parseNext(HttpParser.java:856)
	at org.eclipse.jetty.http.HttpParser.parseAvailable(HttpParser.java:240)
	at org.eclipse.jetty.server.AsyncHttpConnection.handle(AsyncHttpConnection.java:82)
	at org.eclipse.jetty.io.nio.SelectChannelEndPoint.handle(SelectChannelEndPoint.java:628)
	at org.eclipse.jetty.io.nio.SelectChannelEndPoint$1.run(SelectChannelEndPoint.java:52)
	at org.eclipse.jetty.util.thread.QueuedThreadPool.runJob(QueuedThreadPool.java:608)
	at org.eclipse.jetty.util.thread.QueuedThreadPool$3.run(QueuedThreadPool.java:543)
	at java.lang.Thread.run(Thread.java:722)
Caused by: java.lang.RuntimeException: The TableMapping of model: cn.iver.model.User not exists. Please add mapping to ActiveRecordPlugin(activeRecordPlugin.addMapping(tableName, YourModel.class)).
	at com.jfinal.plugin.activerecord.TableInfoMapping.getTableInfo(TableInfoMapping.java:43)
	at com.jfinal.plugin.activerecord.Model.checkTableName(Model.java:434)
	at com.jfinal.plugin.activerecord.Model.find(Model.java:397)
	at com.jfinal.plugin.activerecord.Model.find(Model.java:422)
	... 37 more

2013-04-10 20:22:51
[ERROR]-[Thread: qtp802011895-24]-[com.jfinal.core.ActionHandler.handle()]: /admin/welcome/login
com.jfinal.plugin.activerecord.ActiveRecordException: java.lang.RuntimeException: The TableMapping of model: cn.iver.model.User not exists. Please add mapping to ActiveRecordPlugin(activeRecordPlugin.addMapping(tableName, YourModel.class)).
	at com.jfinal.plugin.activerecord.Model.find(Model.java:424)
	at com.jfinal.plugin.activerecord.Model.findFirst(Model.java:453)
	at cn.iver.model.User.login(User.java:17)
	at cn.iver.controller.admin.WelcomeController.login(WelcomeController.java:19)
	at sun.reflect.NativeMethodAccessorImpl.invoke0(Native Method)
	at sun.reflect.NativeMethodAccessorImpl.invoke(NativeMethodAccessorImpl.java:57)
	at sun.reflect.DelegatingMethodAccessorImpl.invoke(DelegatingMethodAccessorImpl.java:43)
	at java.lang.reflect.Method.invoke(Method.java:601)
	at com.jfinal.core.ActionInvocation.invoke(ActionInvocation.java:55)
	at cn.iver.interceptor.GlobalInterceptor.intercept(GlobalInterceptor.java:25)
	at com.jfinal.core.ActionInvocation.invoke(ActionInvocation.java:51)
	at com.jfinal.ext.interceptor.SessionInViewInterceptor.intercept(SessionInViewInterceptor.java:44)
	at com.jfinal.core.ActionInvocation.invoke(ActionInvocation.java:51)
	at com.jfinal.core.ActionHandler.handle(ActionHandler.java:75)
	at com.jfinal.core.JFinalFilter.doFilter(JFinalFilter.java:72)
	at org.eclipse.jetty.servlet.ServletHandler$CachedChain.doFilter(ServletHandler.java:1307)
	at org.eclipse.jetty.servlet.ServletHandler.doHandle(ServletHandler.java:453)
	at org.eclipse.jetty.server.handler.ScopedHandler.handle(ScopedHandler.java:137)
	at org.eclipse.jetty.security.SecurityHandler.handle(SecurityHandler.java:560)
	at org.eclipse.jetty.server.session.SessionHandler.doHandle(SessionHandler.java:231)
	at org.eclipse.jetty.server.handler.ContextHandler.doHandle(ContextHandler.java:1072)
	at org.eclipse.jetty.servlet.ServletHandler.doScope(ServletHandler.java:382)
	at org.eclipse.jetty.server.session.SessionHandler.doScope(SessionHandler.java:193)
	at org.eclipse.jetty.server.handler.ContextHandler.doScope(ContextHandler.java:1006)
	at org.eclipse.jetty.server.handler.ScopedHandler.handle(ScopedHandler.java:135)
	at org.eclipse.jetty.server.handler.HandlerWrapper.handle(HandlerWrapper.java:116)
	at org.eclipse.jetty.server.Server.handle(Server.java:365)
	at org.eclipse.jetty.server.AbstractHttpConnection.handleRequest(AbstractHttpConnection.java:485)
	at org.eclipse.jetty.server.AbstractHttpConnection.content(AbstractHttpConnection.java:937)
	at org.eclipse.jetty.server.AbstractHttpConnection$RequestHandler.content(AbstractHttpConnection.java:998)
	at org.eclipse.jetty.http.HttpParser.parseNext(HttpParser.java:856)
	at org.eclipse.jetty.http.HttpParser.parseAvailable(HttpParser.java:240)
	at org.eclipse.jetty.server.AsyncHttpConnection.handle(AsyncHttpConnection.java:82)
	at org.eclipse.jetty.io.nio.SelectChannelEndPoint.handle(SelectChannelEndPoint.java:628)
	at org.eclipse.jetty.io.nio.SelectChannelEndPoint$1.run(SelectChannelEndPoint.java:52)
	at org.eclipse.jetty.util.thread.QueuedThreadPool.runJob(QueuedThreadPool.java:608)
	at org.eclipse.jetty.util.thread.QueuedThreadPool$3.run(QueuedThreadPool.java:543)
	at java.lang.Thread.run(Thread.java:722)
Caused by: java.lang.RuntimeException: The TableMapping of model: cn.iver.model.User not exists. Please add mapping to ActiveRecordPlugin(activeRecordPlugin.addMapping(tableName, YourModel.class)).
	at com.jfinal.plugin.activerecord.TableInfoMapping.getTableInfo(TableInfoMapping.java:43)
	at com.jfinal.plugin.activerecord.Model.checkTableName(Model.java:434)
	at com.jfinal.plugin.activerecord.Model.find(Model.java:397)
	at com.jfinal.plugin.activerecord.Model.find(Model.java:422)
	... 37 more

2013-04-10 20:23:15
[ERROR]-[Thread: qtp802011895-26]-[com.jfinal.core.ActionHandler.handle()]: /admin/welcome/login
com.jfinal.plugin.activerecord.ActiveRecordException: java.lang.RuntimeException: The TableMapping of model: cn.iver.model.User not exists. Please add mapping to ActiveRecordPlugin(activeRecordPlugin.addMapping(tableName, YourModel.class)).
	at com.jfinal.plugin.activerecord.Model.find(Model.java:424)
	at com.jfinal.plugin.activerecord.Model.findFirst(Model.java:453)
	at cn.iver.model.User.login(User.java:17)
	at cn.iver.controller.admin.WelcomeController.login(WelcomeController.java:19)
	at sun.reflect.NativeMethodAccessorImpl.invoke0(Native Method)
	at sun.reflect.NativeMethodAccessorImpl.invoke(NativeMethodAccessorImpl.java:57)
	at sun.reflect.DelegatingMethodAccessorImpl.invoke(DelegatingMethodAccessorImpl.java:43)
	at java.lang.reflect.Method.invoke(Method.java:601)
	at com.jfinal.core.ActionInvocation.invoke(ActionInvocation.java:55)
	at cn.iver.interceptor.GlobalInterceptor.intercept(GlobalInterceptor.java:25)
	at com.jfinal.core.ActionInvocation.invoke(ActionInvocation.java:51)
	at com.jfinal.ext.interceptor.SessionInViewInterceptor.intercept(SessionInViewInterceptor.java:44)
	at com.jfinal.core.ActionInvocation.invoke(ActionInvocation.java:51)
	at com.jfinal.core.ActionHandler.handle(ActionHandler.java:75)
	at com.jfinal.core.JFinalFilter.doFilter(JFinalFilter.java:72)
	at org.eclipse.jetty.servlet.ServletHandler$CachedChain.doFilter(ServletHandler.java:1307)
	at org.eclipse.jetty.servlet.ServletHandler.doHandle(ServletHandler.java:453)
	at org.eclipse.jetty.server.handler.ScopedHandler.handle(ScopedHandler.java:137)
	at org.eclipse.jetty.security.SecurityHandler.handle(SecurityHandler.java:560)
	at org.eclipse.jetty.server.session.SessionHandler.doHandle(SessionHandler.java:231)
	at org.eclipse.jetty.server.handler.ContextHandler.doHandle(ContextHandler.java:1072)
	at org.eclipse.jetty.servlet.ServletHandler.doScope(ServletHandler.java:382)
	at org.eclipse.jetty.server.session.SessionHandler.doScope(SessionHandler.java:193)
	at org.eclipse.jetty.server.handler.ContextHandler.doScope(ContextHandler.java:1006)
	at org.eclipse.jetty.server.handler.ScopedHandler.handle(ScopedHandler.java:135)
	at org.eclipse.jetty.server.handler.HandlerWrapper.handle(HandlerWrapper.java:116)
	at org.eclipse.jetty.server.Server.handle(Server.java:365)
	at org.eclipse.jetty.server.AbstractHttpConnection.handleRequest(AbstractHttpConnection.java:485)
	at org.eclipse.jetty.server.AbstractHttpConnection.content(AbstractHttpConnection.java:937)
	at org.eclipse.jetty.server.AbstractHttpConnection$RequestHandler.content(AbstractHttpConnection.java:998)
	at org.eclipse.jetty.http.HttpParser.parseNext(HttpParser.java:856)
	at org.eclipse.jetty.http.HttpParser.parseAvailable(HttpParser.java:240)
	at org.eclipse.jetty.server.AsyncHttpConnection.handle(AsyncHttpConnection.java:82)
	at org.eclipse.jetty.io.nio.SelectChannelEndPoint.handle(SelectChannelEndPoint.java:628)
	at org.eclipse.jetty.io.nio.SelectChannelEndPoint$1.run(SelectChannelEndPoint.java:52)
	at org.eclipse.jetty.util.thread.QueuedThreadPool.runJob(QueuedThreadPool.java:608)
	at org.eclipse.jetty.util.thread.QueuedThreadPool$3.run(QueuedThreadPool.java:543)
	at java.lang.Thread.run(Thread.java:722)
Caused by: java.lang.RuntimeException: The TableMapping of model: cn.iver.model.User not exists. Please add mapping to ActiveRecordPlugin(activeRecordPlugin.addMapping(tableName, YourModel.class)).
	at com.jfinal.plugin.activerecord.TableInfoMapping.getTableInfo(TableInfoMapping.java:43)
	at com.jfinal.plugin.activerecord.Model.checkTableName(Model.java:434)
	at com.jfinal.plugin.activerecord.Model.find(Model.java:397)
	at com.jfinal.plugin.activerecord.Model.find(Model.java:422)
	... 37 more

2013-04-10 20:24:01
[WARN]-[Thread: qtp1573695965-26]-[com.jfinal.plugin.ehcache.CacheKit.getOrAddCache()]: Could not find cache config [moduleList], using default.

2013-04-10 20:24:19
[ERROR]-[Thread: qtp1573695965-29]-[com.jfinal.core.ActionHandler.handle()]: /admin/welcome/login
com.jfinal.plugin.activerecord.ActiveRecordException: java.lang.RuntimeException: The TableMapping of model: cn.iver.model.User not exists. Please add mapping to ActiveRecordPlugin(activeRecordPlugin.addMapping(tableName, YourModel.class)).
	at com.jfinal.plugin.activerecord.Model.find(Model.java:424)
	at com.jfinal.plugin.activerecord.Model.findFirst(Model.java:453)
	at cn.iver.model.User.login(User.java:17)
	at cn.iver.controller.admin.WelcomeController.login(WelcomeController.java:19)
	at sun.reflect.NativeMethodAccessorImpl.invoke0(Native Method)
	at sun.reflect.NativeMethodAccessorImpl.invoke(NativeMethodAccessorImpl.java:57)
	at sun.reflect.DelegatingMethodAccessorImpl.invoke(DelegatingMethodAccessorImpl.java:43)
	at java.lang.reflect.Method.invoke(Method.java:601)
	at com.jfinal.core.ActionInvocation.invoke(ActionInvocation.java:55)
	at cn.iver.interceptor.GlobalInterceptor.intercept(GlobalInterceptor.java:25)
	at com.jfinal.core.ActionInvocation.invoke(ActionInvocation.java:51)
	at com.jfinal.ext.interceptor.SessionInViewInterceptor.intercept(SessionInViewInterceptor.java:44)
	at com.jfinal.core.ActionInvocation.invoke(ActionInvocation.java:51)
	at com.jfinal.core.ActionHandler.handle(ActionHandler.java:75)
	at com.jfinal.core.JFinalFilter.doFilter(JFinalFilter.java:72)
	at org.eclipse.jetty.servlet.ServletHandler$CachedChain.doFilter(ServletHandler.java:1307)
	at org.eclipse.jetty.servlet.ServletHandler.doHandle(ServletHandler.java:453)
	at org.eclipse.jetty.server.handler.ScopedHandler.handle(ScopedHandler.java:137)
	at org.eclipse.jetty.security.SecurityHandler.handle(SecurityHandler.java:560)
	at org.eclipse.jetty.server.session.SessionHandler.doHandle(SessionHandler.java:231)
	at org.eclipse.jetty.server.handler.ContextHandler.doHandle(ContextHandler.java:1072)
	at org.eclipse.jetty.servlet.ServletHandler.doScope(ServletHandler.java:382)
	at org.eclipse.jetty.server.session.SessionHandler.doScope(SessionHandler.java:193)
	at org.eclipse.jetty.server.handler.ContextHandler.doScope(ContextHandler.java:1006)
	at org.eclipse.jetty.server.handler.ScopedHandler.handle(ScopedHandler.java:135)
	at org.eclipse.jetty.server.handler.HandlerWrapper.handle(HandlerWrapper.java:116)
	at org.eclipse.jetty.server.Server.handle(Server.java:365)
	at org.eclipse.jetty.server.AbstractHttpConnection.handleRequest(AbstractHttpConnection.java:485)
	at org.eclipse.jetty.server.AbstractHttpConnection.content(AbstractHttpConnection.java:937)
	at org.eclipse.jetty.server.AbstractHttpConnection$RequestHandler.content(AbstractHttpConnection.java:998)
	at org.eclipse.jetty.http.HttpParser.parseNext(HttpParser.java:856)
	at org.eclipse.jetty.http.HttpParser.parseAvailable(HttpParser.java:240)
	at org.eclipse.jetty.server.AsyncHttpConnection.handle(AsyncHttpConnection.java:82)
	at org.eclipse.jetty.io.nio.SelectChannelEndPoint.handle(SelectChannelEndPoint.java:628)
	at org.eclipse.jetty.io.nio.SelectChannelEndPoint$1.run(SelectChannelEndPoint.java:52)
	at org.eclipse.jetty.util.thread.QueuedThreadPool.runJob(QueuedThreadPool.java:608)
	at org.eclipse.jetty.util.thread.QueuedThreadPool$3.run(QueuedThreadPool.java:543)
	at java.lang.Thread.run(Thread.java:722)
Caused by: java.lang.RuntimeException: The TableMapping of model: cn.iver.model.User not exists. Please add mapping to ActiveRecordPlugin(activeRecordPlugin.addMapping(tableName, YourModel.class)).
	at com.jfinal.plugin.activerecord.TableInfoMapping.getTableInfo(TableInfoMapping.java:43)
	at com.jfinal.plugin.activerecord.Model.checkTableName(Model.java:434)
	at com.jfinal.plugin.activerecord.Model.find(Model.java:397)
	at com.jfinal.plugin.activerecord.Model.find(Model.java:422)
	... 37 more

2013-04-10 20:24:48
[WARN]-[Thread: qtp1573695965-24]-[com.jfinal.core.ActionHandler.handle()]: Action not found: /admin/wel

2013-04-10 20:24:51
[WARN]-[Thread: qtp1573695965-24]-[com.jfinal.plugin.ehcache.CacheKit.getOrAddCache()]: Could not find cache config [moduleList], using default.

2013-04-10 20:25:24
[ERROR]-[Thread: qtp1573695965-26]-[com.jfinal.core.ActionHandler.handle()]: /admin/welcome/login
com.jfinal.plugin.activerecord.ActiveRecordException: java.lang.RuntimeException: The TableMapping of model: cn.iver.model.User not exists. Please add mapping to ActiveRecordPlugin(activeRecordPlugin.addMapping(tableName, YourModel.class)).
	at com.jfinal.plugin.activerecord.Model.find(Model.java:424)
	at com.jfinal.plugin.activerecord.Model.findFirst(Model.java:453)
	at cn.iver.model.User.login(User.java:17)
	at cn.iver.controller.admin.WelcomeController.login(WelcomeController.java:19)
	at sun.reflect.NativeMethodAccessorImpl.invoke0(Native Method)
	at sun.reflect.NativeMethodAccessorImpl.invoke(NativeMethodAccessorImpl.java:57)
	at sun.reflect.DelegatingMethodAccessorImpl.invoke(DelegatingMethodAccessorImpl.java:43)
	at java.lang.reflect.Method.invoke(Method.java:601)
	at com.jfinal.core.ActionInvocation.invoke(ActionInvocation.java:55)
	at cn.iver.interceptor.GlobalInterceptor.intercept(GlobalInterceptor.java:25)
	at com.jfinal.core.ActionInvocation.invoke(ActionInvocation.java:51)
	at com.jfinal.ext.interceptor.SessionInViewInterceptor.intercept(SessionInViewInterceptor.java:44)
	at com.jfinal.core.ActionInvocation.invoke(ActionInvocation.java:51)
	at com.jfinal.core.ActionHandler.handle(ActionHandler.java:75)
	at com.jfinal.core.JFinalFilter.doFilter(JFinalFilter.java:72)
	at org.eclipse.jetty.servlet.ServletHandler$CachedChain.doFilter(ServletHandler.java:1307)
	at org.eclipse.jetty.servlet.ServletHandler.doHandle(ServletHandler.java:453)
	at org.eclipse.jetty.server.handler.ScopedHandler.handle(ScopedHandler.java:137)
	at org.eclipse.jetty.security.SecurityHandler.handle(SecurityHandler.java:560)
	at org.eclipse.jetty.server.session.SessionHandler.doHandle(SessionHandler.java:231)
	at org.eclipse.jetty.server.handler.ContextHandler.doHandle(ContextHandler.java:1072)
	at org.eclipse.jetty.servlet.ServletHandler.doScope(ServletHandler.java:382)
	at org.eclipse.jetty.server.session.SessionHandler.doScope(SessionHandler.java:193)
	at org.eclipse.jetty.server.handler.ContextHandler.doScope(ContextHandler.java:1006)
	at org.eclipse.jetty.server.handler.ScopedHandler.handle(ScopedHandler.java:135)
	at org.eclipse.jetty.server.handler.HandlerWrapper.handle(HandlerWrapper.java:116)
	at org.eclipse.jetty.server.Server.handle(Server.java:365)
	at org.eclipse.jetty.server.AbstractHttpConnection.handleRequest(AbstractHttpConnection.java:485)
	at org.eclipse.jetty.server.AbstractHttpConnection.content(AbstractHttpConnection.java:937)
	at org.eclipse.jetty.server.AbstractHttpConnection$RequestHandler.content(AbstractHttpConnection.java:998)
	at org.eclipse.jetty.http.HttpParser.parseNext(HttpParser.java:856)
	at org.eclipse.jetty.http.HttpParser.parseAvailable(HttpParser.java:240)
	at org.eclipse.jetty.server.AsyncHttpConnection.handle(AsyncHttpConnection.java:82)
	at org.eclipse.jetty.io.nio.SelectChannelEndPoint.handle(SelectChannelEndPoint.java:628)
	at org.eclipse.jetty.io.nio.SelectChannelEndPoint$1.run(SelectChannelEndPoint.java:52)
	at org.eclipse.jetty.util.thread.QueuedThreadPool.runJob(QueuedThreadPool.java:608)
	at org.eclipse.jetty.util.thread.QueuedThreadPool$3.run(QueuedThreadPool.java:543)
	at java.lang.Thread.run(Thread.java:722)
Caused by: java.lang.RuntimeException: The TableMapping of model: cn.iver.model.User not exists. Please add mapping to ActiveRecordPlugin(activeRecordPlugin.addMapping(tableName, YourModel.class)).
	at com.jfinal.plugin.activerecord.TableInfoMapping.getTableInfo(TableInfoMapping.java:43)
	at com.jfinal.plugin.activerecord.Model.checkTableName(Model.java:434)
	at com.jfinal.plugin.activerecord.Model.find(Model.java:397)
	at com.jfinal.plugin.activerecord.Model.find(Model.java:422)
	... 37 more

2013-04-10 20:26:49
[WARN]-[Thread: qtp957617843-28]-[com.jfinal.plugin.ehcache.CacheKit.getOrAddCache()]: Could not find cache config [moduleList], using default.

2013-04-10 20:28:07
[WARN]-[Thread: qtp957617843-27]-[com.jfinal.core.ActionHandler.handle()]: Action not found: /ifr_status/

2013-04-10 20:48:48
[WARN]-[Thread: qtp957617843-28]-[com.jfinal.core.ActionHandler.handle()]: Action not found: /admin/post/edit/4

2013-04-10 21:02:34
[WARN]-[Thread: qtp1573695965-28]-[com.jfinal.core.ActionHandler.handle()]: Action not found: /admin/post/edit/4

2013-04-10 21:02:38
[WARN]-[Thread: qtp1573695965-30]-[com.jfinal.plugin.ehcache.CacheKit.getOrAddCache()]: Could not find cache config [moduleList], using default.

2013-04-10 21:03:45
[WARN]-[Thread: qtp699487303-26]-[com.jfinal.plugin.ehcache.CacheKit.getOrAddCache()]: Could not find cache config [moduleList], using default.

2013-04-10 21:03:45
[ERROR]-[Thread: qtp699487303-26]-[com.jfinal.core.ActionHandler.handle()]: /admin/module/edit/4
com.jfinal.render.Error500Exception
	at com.jfinal.core.Controller.renderError500(Controller.java:1002)
	at cn.iver.interceptor.AdminInterceptor.intercept(AdminInterceptor.java:20)
	at com.jfinal.core.ActionInvocation.invoke(ActionInvocation.java:51)
	at cn.iver.interceptor.GlobalInterceptor.intercept(GlobalInterceptor.java:25)
	at com.jfinal.core.ActionInvocation.invoke(ActionInvocation.java:51)
	at com.jfinal.ext.interceptor.SessionInViewInterceptor.intercept(SessionInViewInterceptor.java:44)
	at com.jfinal.core.ActionInvocation.invoke(ActionInvocation.java:51)
	at com.jfinal.core.ActionHandler.handle(ActionHandler.java:75)
	at com.jfinal.core.JFinalFilter.doFilter(JFinalFilter.java:72)
	at org.eclipse.jetty.servlet.ServletHandler$CachedChain.doFilter(ServletHandler.java:1307)
	at org.eclipse.jetty.servlet.ServletHandler.doHandle(ServletHandler.java:453)
	at org.eclipse.jetty.server.handler.ScopedHandler.handle(ScopedHandler.java:137)
	at org.eclipse.jetty.security.SecurityHandler.handle(SecurityHandler.java:560)
	at org.eclipse.jetty.server.session.SessionHandler.doHandle(SessionHandler.java:231)
	at org.eclipse.jetty.server.handler.ContextHandler.doHandle(ContextHandler.java:1072)
	at org.eclipse.jetty.servlet.ServletHandler.doScope(ServletHandler.java:382)
	at org.eclipse.jetty.server.session.SessionHandler.doScope(SessionHandler.java:193)
	at org.eclipse.jetty.server.handler.ContextHandler.doScope(ContextHandler.java:1006)
	at org.eclipse.jetty.server.handler.ScopedHandler.handle(ScopedHandler.java:135)
	at org.eclipse.jetty.server.handler.HandlerWrapper.handle(HandlerWrapper.java:116)
	at org.eclipse.jetty.server.Server.handle(Server.java:365)
	at org.eclipse.jetty.server.AbstractHttpConnection.handleRequest(AbstractHttpConnection.java:485)
	at org.eclipse.jetty.server.AbstractHttpConnection.headerComplete(AbstractHttpConnection.java:926)
	at org.eclipse.jetty.server.AbstractHttpConnection$RequestHandler.headerComplete(AbstractHttpConnection.java:988)
	at org.eclipse.jetty.http.HttpParser.parseNext(HttpParser.java:635)
	at org.eclipse.jetty.http.HttpParser.parseAvailable(HttpParser.java:235)
	at org.eclipse.jetty.server.AsyncHttpConnection.handle(AsyncHttpConnection.java:82)
	at org.eclipse.jetty.io.nio.SelectChannelEndPoint.handle(SelectChannelEndPoint.java:628)
	at org.eclipse.jetty.io.nio.SelectChannelEndPoint$1.run(SelectChannelEndPoint.java:52)
	at org.eclipse.jetty.util.thread.QueuedThreadPool.runJob(QueuedThreadPool.java:608)
	at org.eclipse.jetty.util.thread.QueuedThreadPool$3.run(QueuedThreadPool.java:543)
	at java.lang.Thread.run(Thread.java:722)

2013-04-10 21:04:15
[ERROR]-[Thread: qtp699487303-28]-[com.jfinal.core.ActionHandler.handle()]: /admin/module/editSub/4-9
java.lang.NumberFormatException: For input string: "4-9"
	at java.lang.NumberFormatException.forInputString(NumberFormatException.java:65)
	at java.lang.Integer.parseInt(Integer.java:492)
	at java.lang.Integer.parseInt(Integer.java:527)
	at com.jfinal.core.Controller.getParaToInt_(Controller.java:211)
	at com.jfinal.core.Controller.getParaToInt(Controller.java:553)
	at cn.iver.controller.admin.ModuleController.indexSub(ModuleController.java:50)
	at cn.iver.controller.admin.ModuleController.editSub(ModuleController.java:66)
	at sun.reflect.NativeMethodAccessorImpl.invoke0(Native Method)
	at sun.reflect.NativeMethodAccessorImpl.invoke(NativeMethodAccessorImpl.java:57)
	at sun.reflect.DelegatingMethodAccessorImpl.invoke(DelegatingMethodAccessorImpl.java:43)
	at java.lang.reflect.Method.invoke(Method.java:601)
	at com.jfinal.core.ActionInvocation.invoke(ActionInvocation.java:55)
	at cn.iver.interceptor.AdminInterceptor.intercept(AdminInterceptor.java:17)
	at com.jfinal.core.ActionInvocation.invoke(ActionInvocation.java:51)
	at cn.iver.interceptor.GlobalInterceptor.intercept(GlobalInterceptor.java:25)
	at com.jfinal.core.ActionInvocation.invoke(ActionInvocation.java:51)
	at com.jfinal.ext.interceptor.SessionInViewInterceptor.intercept(SessionInViewInterceptor.java:44)
	at com.jfinal.core.ActionInvocation.invoke(ActionInvocation.java:51)
	at com.jfinal.core.ActionHandler.handle(ActionHandler.java:75)
	at com.jfinal.core.JFinalFilter.doFilter(JFinalFilter.java:72)
	at org.eclipse.jetty.servlet.ServletHandler$CachedChain.doFilter(ServletHandler.java:1307)
	at org.eclipse.jetty.servlet.ServletHandler.doHandle(ServletHandler.java:453)
	at org.eclipse.jetty.server.handler.ScopedHandler.handle(ScopedHandler.java:137)
	at org.eclipse.jetty.security.SecurityHandler.handle(SecurityHandler.java:560)
	at org.eclipse.jetty.server.session.SessionHandler.doHandle(SessionHandler.java:231)
	at org.eclipse.jetty.server.handler.ContextHandler.doHandle(ContextHandler.java:1072)
	at org.eclipse.jetty.servlet.ServletHandler.doScope(ServletHandler.java:382)
	at org.eclipse.jetty.server.session.SessionHandler.doScope(SessionHandler.java:193)
	at org.eclipse.jetty.server.handler.ContextHandler.doScope(ContextHandler.java:1006)
	at org.eclipse.jetty.server.handler.ScopedHandler.handle(ScopedHandler.java:135)
	at org.eclipse.jetty.server.handler.HandlerWrapper.handle(HandlerWrapper.java:116)
	at org.eclipse.jetty.server.Server.handle(Server.java:365)
	at org.eclipse.jetty.server.AbstractHttpConnection.handleRequest(AbstractHttpConnection.java:485)
	at org.eclipse.jetty.server.AbstractHttpConnection.headerComplete(AbstractHttpConnection.java:926)
	at org.eclipse.jetty.server.AbstractHttpConnection$RequestHandler.headerComplete(AbstractHttpConnection.java:988)
	at org.eclipse.jetty.http.HttpParser.parseNext(HttpParser.java:635)
	at org.eclipse.jetty.http.HttpParser.parseAvailable(HttpParser.java:235)
	at org.eclipse.jetty.server.AsyncHttpConnection.handle(AsyncHttpConnection.java:82)
	at org.eclipse.jetty.io.nio.SelectChannelEndPoint.handle(SelectChannelEndPoint.java:628)
	at org.eclipse.jetty.io.nio.SelectChannelEndPoint$1.run(SelectChannelEndPoint.java:52)
	at org.eclipse.jetty.util.thread.QueuedThreadPool.runJob(QueuedThreadPool.java:608)
	at org.eclipse.jetty.util.thread.QueuedThreadPool$3.run(QueuedThreadPool.java:543)
	at java.lang.Thread.run(Thread.java:722)

2013-04-10 21:05:32
[ERROR]-[Thread: qtp699487303-25]-[com.jfinal.core.ActionHandler.handle()]: /admin/module/editSub/4-9
java.lang.NumberFormatException: For input string: "4-9"
	at java.lang.NumberFormatException.forInputString(NumberFormatException.java:65)
	at java.lang.Integer.parseInt(Integer.java:492)
	at java.lang.Integer.parseInt(Integer.java:527)
	at com.jfinal.core.Controller.getParaToInt_(Controller.java:211)
	at com.jfinal.core.Controller.getParaToInt(Controller.java:553)
	at cn.iver.controller.admin.ModuleController.indexSub(ModuleController.java:50)
	at cn.iver.controller.admin.ModuleController.editSub(ModuleController.java:66)
	at sun.reflect.NativeMethodAccessorImpl.invoke0(Native Method)
	at sun.reflect.NativeMethodAccessorImpl.invoke(NativeMethodAccessorImpl.java:57)
	at sun.reflect.DelegatingMethodAccessorImpl.invoke(DelegatingMethodAccessorImpl.java:43)
	at java.lang.reflect.Method.invoke(Method.java:601)
	at com.jfinal.core.ActionInvocation.invoke(ActionInvocation.java:55)
	at cn.iver.interceptor.AdminInterceptor.intercept(AdminInterceptor.java:17)
	at com.jfinal.core.ActionInvocation.invoke(ActionInvocation.java:51)
	at cn.iver.interceptor.GlobalInterceptor.intercept(GlobalInterceptor.java:25)
	at com.jfinal.core.ActionInvocation.invoke(ActionInvocation.java:51)
	at com.jfinal.ext.interceptor.SessionInViewInterceptor.intercept(SessionInViewInterceptor.java:44)
	at com.jfinal.core.ActionInvocation.invoke(ActionInvocation.java:51)
	at com.jfinal.core.ActionHandler.handle(ActionHandler.java:75)
	at com.jfinal.core.JFinalFilter.doFilter(JFinalFilter.java:72)
	at org.eclipse.jetty.servlet.ServletHandler$CachedChain.doFilter(ServletHandler.java:1307)
	at org.eclipse.jetty.servlet.ServletHandler.doHandle(ServletHandler.java:453)
	at org.eclipse.jetty.server.handler.ScopedHandler.handle(ScopedHandler.java:137)
	at org.eclipse.jetty.security.SecurityHandler.handle(SecurityHandler.java:560)
	at org.eclipse.jetty.server.session.SessionHandler.doHandle(SessionHandler.java:231)
	at org.eclipse.jetty.server.handler.ContextHandler.doHandle(ContextHandler.java:1072)
	at org.eclipse.jetty.servlet.ServletHandler.doScope(ServletHandler.java:382)
	at org.eclipse.jetty.server.session.SessionHandler.doScope(SessionHandler.java:193)
	at org.eclipse.jetty.server.handler.ContextHandler.doScope(ContextHandler.java:1006)
	at org.eclipse.jetty.server.handler.ScopedHandler.handle(ScopedHandler.java:135)
	at org.eclipse.jetty.server.handler.HandlerWrapper.handle(HandlerWrapper.java:116)
	at org.eclipse.jetty.server.Server.handle(Server.java:365)
	at org.eclipse.jetty.server.AbstractHttpConnection.handleRequest(AbstractHttpConnection.java:485)
	at org.eclipse.jetty.server.AbstractHttpConnection.headerComplete(AbstractHttpConnection.java:926)
	at org.eclipse.jetty.server.AbstractHttpConnection$RequestHandler.headerComplete(AbstractHttpConnection.java:988)
	at org.eclipse.jetty.http.HttpParser.parseNext(HttpParser.java:635)
	at org.eclipse.jetty.http.HttpParser.parseAvailable(HttpParser.java:235)
	at org.eclipse.jetty.server.AsyncHttpConnection.handle(AsyncHttpConnection.java:82)
	at org.eclipse.jetty.io.nio.SelectChannelEndPoint.handle(SelectChannelEndPoint.java:628)
	at org.eclipse.jetty.io.nio.SelectChannelEndPoint$1.run(SelectChannelEndPoint.java:52)
	at org.eclipse.jetty.util.thread.QueuedThreadPool.runJob(QueuedThreadPool.java:608)
	at org.eclipse.jetty.util.thread.QueuedThreadPool$3.run(QueuedThreadPool.java:543)
	at java.lang.Thread.run(Thread.java:722)

2013-04-10 21:06:29
[ERROR]-[Thread: qtp699487303-25]-[com.jfinal.core.ActionHandler.handle()]: /admin/module/editSub/4-9
java.lang.NumberFormatException: For input string: "4-9"
	at java.lang.NumberFormatException.forInputString(NumberFormatException.java:65)
	at java.lang.Integer.parseInt(Integer.java:492)
	at java.lang.Integer.parseInt(Integer.java:527)
	at com.jfinal.core.Controller.getParaToInt_(Controller.java:211)
	at com.jfinal.core.Controller.getParaToInt(Controller.java:553)
	at cn.iver.controller.admin.ModuleController.indexSub(ModuleController.java:50)
	at cn.iver.controller.admin.ModuleController.editSub(ModuleController.java:66)
	at sun.reflect.NativeMethodAccessorImpl.invoke0(Native Method)
	at sun.reflect.NativeMethodAccessorImpl.invoke(NativeMethodAccessorImpl.java:57)
	at sun.reflect.DelegatingMethodAccessorImpl.invoke(DelegatingMethodAccessorImpl.java:43)
	at java.lang.reflect.Method.invoke(Method.java:601)
	at com.jfinal.core.ActionInvocation.invoke(ActionInvocation.java:55)
	at cn.iver.interceptor.AdminInterceptor.intercept(AdminInterceptor.java:17)
	at com.jfinal.core.ActionInvocation.invoke(ActionInvocation.java:51)
	at cn.iver.interceptor.GlobalInterceptor.intercept(GlobalInterceptor.java:25)
	at com.jfinal.core.ActionInvocation.invoke(ActionInvocation.java:51)
	at com.jfinal.ext.interceptor.SessionInViewInterceptor.intercept(SessionInViewInterceptor.java:44)
	at com.jfinal.core.ActionInvocation.invoke(ActionInvocation.java:51)
	at com.jfinal.core.ActionHandler.handle(ActionHandler.java:75)
	at com.jfinal.core.JFinalFilter.doFilter(JFinalFilter.java:72)
	at org.eclipse.jetty.servlet.ServletHandler$CachedChain.doFilter(ServletHandler.java:1307)
	at org.eclipse.jetty.servlet.ServletHandler.doHandle(ServletHandler.java:453)
	at org.eclipse.jetty.server.handler.ScopedHandler.handle(ScopedHandler.java:137)
	at org.eclipse.jetty.security.SecurityHandler.handle(SecurityHandler.java:560)
	at org.eclipse.jetty.server.session.SessionHandler.doHandle(SessionHandler.java:231)
	at org.eclipse.jetty.server.handler.ContextHandler.doHandle(ContextHandler.java:1072)
	at org.eclipse.jetty.servlet.ServletHandler.doScope(ServletHandler.java:382)
	at org.eclipse.jetty.server.session.SessionHandler.doScope(SessionHandler.java:193)
	at org.eclipse.jetty.server.handler.ContextHandler.doScope(ContextHandler.java:1006)
	at org.eclipse.jetty.server.handler.ScopedHandler.handle(ScopedHandler.java:135)
	at org.eclipse.jetty.server.handler.HandlerWrapper.handle(HandlerWrapper.java:116)
	at org.eclipse.jetty.server.Server.handle(Server.java:365)
	at org.eclipse.jetty.server.AbstractHttpConnection.handleRequest(AbstractHttpConnection.java:485)
	at org.eclipse.jetty.server.AbstractHttpConnection.headerComplete(AbstractHttpConnection.java:926)
	at org.eclipse.jetty.server.AbstractHttpConnection$RequestHandler.headerComplete(AbstractHttpConnection.java:988)
	at org.eclipse.jetty.http.HttpParser.parseNext(HttpParser.java:635)
	at org.eclipse.jetty.http.HttpParser.parseAvailable(HttpParser.java:235)
	at org.eclipse.jetty.server.AsyncHttpConnection.handle(AsyncHttpConnection.java:82)
	at org.eclipse.jetty.io.nio.SelectChannelEndPoint.handle(SelectChannelEndPoint.java:628)
	at org.eclipse.jetty.io.nio.SelectChannelEndPoint$1.run(SelectChannelEndPoint.java:52)
	at org.eclipse.jetty.util.thread.QueuedThreadPool.runJob(QueuedThreadPool.java:608)
	at org.eclipse.jetty.util.thread.QueuedThreadPool$3.run(QueuedThreadPool.java:543)
	at java.lang.Thread.run(Thread.java:722)

2013-04-10 21:07:27
[WARN]-[Thread: qtp1573695965-29]-[com.jfinal.plugin.ehcache.CacheKit.getOrAddCache()]: Could not find cache config [moduleList], using default.

2013-04-10 21:08:21
[ERROR]-[Thread: qtp1573695965-29]-[com.jfinal.core.ActionHandler.handle()]: /admin/module/updateSub
java.lang.NullPointerException
	at cn.iver.controller.admin.ModuleController.indexSub(ModuleController.java:50)
	at cn.iver.controller.admin.ModuleController.updateSub(ModuleController.java:73)
	at sun.reflect.NativeMethodAccessorImpl.invoke0(Native Method)
	at sun.reflect.NativeMethodAccessorImpl.invoke(NativeMethodAccessorImpl.java:57)
	at sun.reflect.DelegatingMethodAccessorImpl.invoke(DelegatingMethodAccessorImpl.java:43)
	at java.lang.reflect.Method.invoke(Method.java:601)
	at com.jfinal.core.ActionInvocation.invoke(ActionInvocation.java:55)
	at cn.iver.interceptor.AdminInterceptor.intercept(AdminInterceptor.java:17)
	at com.jfinal.core.ActionInvocation.invoke(ActionInvocation.java:51)
	at cn.iver.interceptor.GlobalInterceptor.intercept(GlobalInterceptor.java:25)
	at com.jfinal.core.ActionInvocation.invoke(ActionInvocation.java:51)
	at com.jfinal.ext.interceptor.SessionInViewInterceptor.intercept(SessionInViewInterceptor.java:44)
	at com.jfinal.core.ActionInvocation.invoke(ActionInvocation.java:51)
	at com.jfinal.core.ActionHandler.handle(ActionHandler.java:75)
	at com.jfinal.core.JFinalFilter.doFilter(JFinalFilter.java:72)
	at org.eclipse.jetty.servlet.ServletHandler$CachedChain.doFilter(ServletHandler.java:1307)
	at org.eclipse.jetty.servlet.ServletHandler.doHandle(ServletHandler.java:453)
	at org.eclipse.jetty.server.handler.ScopedHandler.handle(ScopedHandler.java:137)
	at org.eclipse.jetty.security.SecurityHandler.handle(SecurityHandler.java:560)
	at org.eclipse.jetty.server.session.SessionHandler.doHandle(SessionHandler.java:231)
	at org.eclipse.jetty.server.handler.ContextHandler.doHandle(ContextHandler.java:1072)
	at org.eclipse.jetty.servlet.ServletHandler.doScope(ServletHandler.java:382)
	at org.eclipse.jetty.server.session.SessionHandler.doScope(SessionHandler.java:193)
	at org.eclipse.jetty.server.handler.ContextHandler.doScope(ContextHandler.java:1006)
	at org.eclipse.jetty.server.handler.ScopedHandler.handle(ScopedHandler.java:135)
	at org.eclipse.jetty.server.handler.HandlerWrapper.handle(HandlerWrapper.java:116)
	at org.eclipse.jetty.server.Server.handle(Server.java:365)
	at org.eclipse.jetty.server.AbstractHttpConnection.handleRequest(AbstractHttpConnection.java:485)
	at org.eclipse.jetty.server.AbstractHttpConnection.content(AbstractHttpConnection.java:937)
	at org.eclipse.jetty.server.AbstractHttpConnection$RequestHandler.content(AbstractHttpConnection.java:998)
	at org.eclipse.jetty.http.HttpParser.parseNext(HttpParser.java:856)
	at org.eclipse.jetty.http.HttpParser.parseAvailable(HttpParser.java:240)
	at org.eclipse.jetty.server.AsyncHttpConnection.handle(AsyncHttpConnection.java:82)
	at org.eclipse.jetty.io.nio.SelectChannelEndPoint.handle(SelectChannelEndPoint.java:628)
	at org.eclipse.jetty.io.nio.SelectChannelEndPoint$1.run(SelectChannelEndPoint.java:52)
	at org.eclipse.jetty.util.thread.QueuedThreadPool.runJob(QueuedThreadPool.java:608)
	at org.eclipse.jetty.util.thread.QueuedThreadPool$3.run(QueuedThreadPool.java:543)
	at java.lang.Thread.run(Thread.java:722)

2013-04-10 21:09:37
[ERROR]-[Thread: qtp1573695965-27]-[com.jfinal.core.ActionHandler.handle()]: /admin/module/updateSub
java.lang.NullPointerException
	at cn.iver.controller.admin.ModuleController.indexSub(ModuleController.java:50)
	at cn.iver.controller.admin.ModuleController.updateSub(ModuleController.java:73)
	at sun.reflect.NativeMethodAccessorImpl.invoke0(Native Method)
	at sun.reflect.NativeMethodAccessorImpl.invoke(NativeMethodAccessorImpl.java:57)
	at sun.reflect.DelegatingMethodAccessorImpl.invoke(DelegatingMethodAccessorImpl.java:43)
	at java.lang.reflect.Method.invoke(Method.java:601)
	at com.jfinal.core.ActionInvocation.invoke(ActionInvocation.java:55)
	at cn.iver.interceptor.AdminInterceptor.intercept(AdminInterceptor.java:17)
	at com.jfinal.core.ActionInvocation.invoke(ActionInvocation.java:51)
	at cn.iver.interceptor.GlobalInterceptor.intercept(GlobalInterceptor.java:25)
	at com.jfinal.core.ActionInvocation.invoke(ActionInvocation.java:51)
	at com.jfinal.ext.interceptor.SessionInViewInterceptor.intercept(SessionInViewInterceptor.java:44)
	at com.jfinal.core.ActionInvocation.invoke(ActionInvocation.java:51)
	at com.jfinal.core.ActionHandler.handle(ActionHandler.java:75)
	at com.jfinal.core.JFinalFilter.doFilter(JFinalFilter.java:72)
	at org.eclipse.jetty.servlet.ServletHandler$CachedChain.doFilter(ServletHandler.java:1307)
	at org.eclipse.jetty.servlet.ServletHandler.doHandle(ServletHandler.java:453)
	at org.eclipse.jetty.server.handler.ScopedHandler.handle(ScopedHandler.java:137)
	at org.eclipse.jetty.security.SecurityHandler.handle(SecurityHandler.java:560)
	at org.eclipse.jetty.server.session.SessionHandler.doHandle(SessionHandler.java:231)
	at org.eclipse.jetty.server.handler.ContextHandler.doHandle(ContextHandler.java:1072)
	at org.eclipse.jetty.servlet.ServletHandler.doScope(ServletHandler.java:382)
	at org.eclipse.jetty.server.session.SessionHandler.doScope(SessionHandler.java:193)
	at org.eclipse.jetty.server.handler.ContextHandler.doScope(ContextHandler.java:1006)
	at org.eclipse.jetty.server.handler.ScopedHandler.handle(ScopedHandler.java:135)
	at org.eclipse.jetty.server.handler.HandlerWrapper.handle(HandlerWrapper.java:116)
	at org.eclipse.jetty.server.Server.handle(Server.java:365)
	at org.eclipse.jetty.server.AbstractHttpConnection.handleRequest(AbstractHttpConnection.java:485)
	at org.eclipse.jetty.server.AbstractHttpConnection.content(AbstractHttpConnection.java:937)
	at org.eclipse.jetty.server.AbstractHttpConnection$RequestHandler.content(AbstractHttpConnection.java:998)
	at org.eclipse.jetty.http.HttpParser.parseNext(HttpParser.java:856)
	at org.eclipse.jetty.http.HttpParser.parseAvailable(HttpParser.java:240)
	at org.eclipse.jetty.server.AsyncHttpConnection.handle(AsyncHttpConnection.java:82)
	at org.eclipse.jetty.io.nio.SelectChannelEndPoint.handle(SelectChannelEndPoint.java:628)
	at org.eclipse.jetty.io.nio.SelectChannelEndPoint$1.run(SelectChannelEndPoint.java:52)
	at org.eclipse.jetty.util.thread.QueuedThreadPool.runJob(QueuedThreadPool.java:608)
	at org.eclipse.jetty.util.thread.QueuedThreadPool$3.run(QueuedThreadPool.java:543)
	at java.lang.Thread.run(Thread.java:722)

2013-04-10 21:11:30
[WARN]-[Thread: qtp699487303-26]-[com.jfinal.plugin.ehcache.CacheKit.getOrAddCache()]: Could not find cache config [moduleList], using default.

2013-04-10 21:11:45
[ERROR]-[Thread: qtp699487303-28]-[com.jfinal.core.ActionHandler.handle()]: /admin/module/updateSub
java.lang.NullPointerException
	at cn.iver.controller.admin.ModuleController.indexSub(ModuleController.java:50)
	at cn.iver.controller.admin.ModuleController.updateSub(ModuleController.java:73)
	at sun.reflect.NativeMethodAccessorImpl.invoke0(Native Method)
	at sun.reflect.NativeMethodAccessorImpl.invoke(NativeMethodAccessorImpl.java:57)
	at sun.reflect.DelegatingMethodAccessorImpl.invoke(DelegatingMethodAccessorImpl.java:43)
	at java.lang.reflect.Method.invoke(Method.java:601)
	at com.jfinal.core.ActionInvocation.invoke(ActionInvocation.java:55)
	at cn.iver.interceptor.AdminInterceptor.intercept(AdminInterceptor.java:17)
	at com.jfinal.core.ActionInvocation.invoke(ActionInvocation.java:51)
	at cn.iver.interceptor.GlobalInterceptor.intercept(GlobalInterceptor.java:25)
	at com.jfinal.core.ActionInvocation.invoke(ActionInvocation.java:51)
	at com.jfinal.ext.interceptor.SessionInViewInterceptor.intercept(SessionInViewInterceptor.java:44)
	at com.jfinal.core.ActionInvocation.invoke(ActionInvocation.java:51)
	at com.jfinal.core.ActionHandler.handle(ActionHandler.java:75)
	at com.jfinal.core.JFinalFilter.doFilter(JFinalFilter.java:72)
	at org.eclipse.jetty.servlet.ServletHandler$CachedChain.doFilter(ServletHandler.java:1307)
	at org.eclipse.jetty.servlet.ServletHandler.doHandle(ServletHandler.java:453)
	at org.eclipse.jetty.server.handler.ScopedHandler.handle(ScopedHandler.java:137)
	at org.eclipse.jetty.security.SecurityHandler.handle(SecurityHandler.java:560)
	at org.eclipse.jetty.server.session.SessionHandler.doHandle(SessionHandler.java:231)
	at org.eclipse.jetty.server.handler.ContextHandler.doHandle(ContextHandler.java:1072)
	at org.eclipse.jetty.servlet.ServletHandler.doScope(ServletHandler.java:382)
	at org.eclipse.jetty.server.session.SessionHandler.doScope(SessionHandler.java:193)
	at org.eclipse.jetty.server.handler.ContextHandler.doScope(ContextHandler.java:1006)
	at org.eclipse.jetty.server.handler.ScopedHandler.handle(ScopedHandler.java:135)
	at org.eclipse.jetty.server.handler.HandlerWrapper.handle(HandlerWrapper.java:116)
	at org.eclipse.jetty.server.Server.handle(Server.java:365)
	at org.eclipse.jetty.server.AbstractHttpConnection.handleRequest(AbstractHttpConnection.java:485)
	at org.eclipse.jetty.server.AbstractHttpConnection.content(AbstractHttpConnection.java:937)
	at org.eclipse.jetty.server.AbstractHttpConnection$RequestHandler.content(AbstractHttpConnection.java:998)
	at org.eclipse.jetty.http.HttpParser.parseNext(HttpParser.java:856)
	at org.eclipse.jetty.http.HttpParser.parseAvailable(HttpParser.java:240)
	at org.eclipse.jetty.server.AsyncHttpConnection.handle(AsyncHttpConnection.java:82)
	at org.eclipse.jetty.io.nio.SelectChannelEndPoint.handle(SelectChannelEndPoint.java:628)
	at org.eclipse.jetty.io.nio.SelectChannelEndPoint$1.run(SelectChannelEndPoint.java:52)
	at org.eclipse.jetty.util.thread.QueuedThreadPool.runJob(QueuedThreadPool.java:608)
	at org.eclipse.jetty.util.thread.QueuedThreadPool$3.run(QueuedThreadPool.java:543)
	at java.lang.Thread.run(Thread.java:722)

2013-04-10 21:13:19
[ERROR]-[Thread: qtp699487303-30]-[com.jfinal.core.ActionHandler.handle()]: /admin/module/saveSub
java.lang.NullPointerException
	at cn.iver.controller.admin.ModuleController.indexSub(ModuleController.java:50)
	at cn.iver.controller.admin.ModuleController.saveSub(ModuleController.java:60)
	at sun.reflect.NativeMethodAccessorImpl.invoke0(Native Method)
	at sun.reflect.NativeMethodAccessorImpl.invoke(NativeMethodAccessorImpl.java:57)
	at sun.reflect.DelegatingMethodAccessorImpl.invoke(DelegatingMethodAccessorImpl.java:43)
	at java.lang.reflect.Method.invoke(Method.java:601)
	at com.jfinal.core.ActionInvocation.invoke(ActionInvocation.java:55)
	at cn.iver.interceptor.AdminInterceptor.intercept(AdminInterceptor.java:17)
	at com.jfinal.core.ActionInvocation.invoke(ActionInvocation.java:51)
	at cn.iver.interceptor.GlobalInterceptor.intercept(GlobalInterceptor.java:25)
	at com.jfinal.core.ActionInvocation.invoke(ActionInvocation.java:51)
	at com.jfinal.ext.interceptor.SessionInViewInterceptor.intercept(SessionInViewInterceptor.java:44)
	at com.jfinal.core.ActionInvocation.invoke(ActionInvocation.java:51)
	at com.jfinal.core.ActionHandler.handle(ActionHandler.java:75)
	at com.jfinal.core.JFinalFilter.doFilter(JFinalFilter.java:72)
	at org.eclipse.jetty.servlet.ServletHandler$CachedChain.doFilter(ServletHandler.java:1307)
	at org.eclipse.jetty.servlet.ServletHandler.doHandle(ServletHandler.java:453)
	at org.eclipse.jetty.server.handler.ScopedHandler.handle(ScopedHandler.java:137)
	at org.eclipse.jetty.security.SecurityHandler.handle(SecurityHandler.java:560)
	at org.eclipse.jetty.server.session.SessionHandler.doHandle(SessionHandler.java:231)
	at org.eclipse.jetty.server.handler.ContextHandler.doHandle(ContextHandler.java:1072)
	at org.eclipse.jetty.servlet.ServletHandler.doScope(ServletHandler.java:382)
	at org.eclipse.jetty.server.session.SessionHandler.doScope(SessionHandler.java:193)
	at org.eclipse.jetty.server.handler.ContextHandler.doScope(ContextHandler.java:1006)
	at org.eclipse.jetty.server.handler.ScopedHandler.handle(ScopedHandler.java:135)
	at org.eclipse.jetty.server.handler.HandlerWrapper.handle(HandlerWrapper.java:116)
	at org.eclipse.jetty.server.Server.handle(Server.java:365)
	at org.eclipse.jetty.server.AbstractHttpConnection.handleRequest(AbstractHttpConnection.java:485)
	at org.eclipse.jetty.server.AbstractHttpConnection.content(AbstractHttpConnection.java:937)
	at org.eclipse.jetty.server.AbstractHttpConnection$RequestHandler.content(AbstractHttpConnection.java:998)
	at org.eclipse.jetty.http.HttpParser.parseNext(HttpParser.java:856)
	at org.eclipse.jetty.http.HttpParser.parseAvailable(HttpParser.java:240)
	at org.eclipse.jetty.server.AsyncHttpConnection.handle(AsyncHttpConnection.java:82)
	at org.eclipse.jetty.io.nio.SelectChannelEndPoint.handle(SelectChannelEndPoint.java:628)
	at org.eclipse.jetty.io.nio.SelectChannelEndPoint$1.run(SelectChannelEndPoint.java:52)
	at org.eclipse.jetty.util.thread.QueuedThreadPool.runJob(QueuedThreadPool.java:608)
	at org.eclipse.jetty.util.thread.QueuedThreadPool$3.run(QueuedThreadPool.java:543)
	at java.lang.Thread.run(Thread.java:722)

2013-04-10 21:14:32
[WARN]-[Thread: qtp1528501130-31]-[com.jfinal.plugin.ehcache.CacheKit.getOrAddCache()]: Could not find cache config [moduleList], using default.

2013-04-10 21:16:10
[WARN]-[Thread: qtp1528501130-29]-[com.jfinal.plugin.ehcache.CacheKit.getOrAddCache()]: Could not find cache config [moduleList], using default.

2013-04-10 21:23:11
[WARN]-[Thread: qtp1319106496-29]-[com.jfinal.plugin.ehcache.CacheKit.getOrAddCache()]: Could not find cache config [moduleList], using default.
